17:54:22.932 [AsyncHttpClient-1-2] DEBUG io.netty.buffer.AbstractByteBuf - -Dio.netty.buffer.checkBounds: true
17:54:22.941 [AsyncHttpClient-1-2] DEBUG io.netty.util.ResourceLeakDetectorFactory - Loaded default ResourceLeakDetector: io.netty.util.ResourceLeakDetector@15e1da81
17:54:22.974 [AsyncHttpClient-1-2] DEBUG io.netty.util.Recycler - -Dio.netty.recycler.maxCapacityPerThread: 4096
17:54:22.974 [AsyncHttpClient-1-2] DEBUG io.netty.util.Recycler - -Dio.netty.recycler.ratio: 8
17:54:22.974 [AsyncHttpClient-1-2] DEBUG io.netty.util.Recycler - -Dio.netty.recycler.chunkSize: 32
17:54:22.974 [AsyncHttpClient-1-2] DEBUG io.netty.util.Recycler - -Dio.netty.recycler.blocking: false
17:54:23.888 [AsyncHttpClient-1-2] DEBUG io.netty.handler.codec.compression.Brotli - brotli4j not in the classpath; Brotli support will be unavailable.
17:54:24.070 [main] DEBUG io.netty.util.internal.ThreadLocalRandom - -Dio.netty.initialSeedUniquifier: 0xea0242501af1a7fd
17:54:25.200 [main] INFO  testCases.TC_002_LoginTest - *****Starting TC_002_LoginTest*****
17:54:25.930 [main] INFO  testCases.TC_002_LoginTest - Clicked on login button in Home page
17:54:26.591 [main] INFO  testCases.TC_002_LoginTest - Entering login details
17:54:27.100 [main] INFO  testCases.TC_002_LoginTest - Clicked on login
17:54:28.144 [main] INFO  testCases.TC_002_LoginTest - Sucessfully Logged in
17:54:28.234 [main] INFO  testCases.TC_002_LoginTest - Sucessfully Logged in
17:54:28.234 [main] INFO  testCases.TC_002_LoginTest - *****Finished TC_002_LoginTest*****
17:56:36.558 [main] DEBUG io.netty.util.internal.logging.InternalLoggerFactory - Using Log4J2 as the default logging framework
17:56:36.573 [main] DEBUG io.netty.util.ResourceLeakDetector - -Dio.netty.leakDetection.level: simple
17:56:36.574 [main] DEBUG io.netty.util.ResourceLeakDetector - -Dio.netty.leakDetection.targetRecords: 4
17:56:36.582 [main] DEBUG io.netty.util.ResourceLeakDetectorFactory - Loaded default ResourceLeakDetector: io.netty.util.ResourceLeakDetector@13da7ab0
17:56:36.626 [main] DEBUG io.netty.util.internal.PlatformDependent0 - -Dio.netty.noUnsafe: false
17:56:36.627 [main] DEBUG io.netty.util.internal.PlatformDependent0 - Java version: 17
17:56:36.628 [main] DEBUG io.netty.util.internal.PlatformDependent0 - sun.misc.Unsafe.theUnsafe: available
17:56:36.630 [main] DEBUG io.netty.util.internal.PlatformDependent0 - sun.misc.Unsafe.copyMemory: available
17:56:36.630 [main] DEBUG io.netty.util.internal.PlatformDependent0 - sun.misc.Unsafe.storeFence: available
17:56:36.632 [main] DEBUG io.netty.util.internal.PlatformDependent0 - java.nio.Buffer.address: available
17:56:36.633 [main] DEBUG io.netty.util.internal.PlatformDependent0 - direct buffer constructor: unavailable: Reflective setAccessible(true) disabled
17:56:36.634 [main] DEBUG io.netty.util.internal.PlatformDependent0 - java.nio.Bits.unaligned: available, true
17:56:36.636 [main] DEBUG io.netty.util.internal.PlatformDependent0 - jdk.internal.misc.Unsafe.allocateUninitializedArray(int): unavailable: class io.netty.util.internal.PlatformDependent0$7 cannot access class jdk.internal.misc.Unsafe (in module java.base) because module java.base does not export jdk.internal.misc to unnamed module @9f70c54
17:56:36.639 [main] DEBUG io.netty.util.internal.PlatformDependent0 - java.nio.DirectByteBuffer.<init>(long, int): unavailable
17:56:36.639 [main] DEBUG io.netty.util.internal.PlatformDependent - sun.misc.Unsafe: available
17:56:36.640 [main] DEBUG io.netty.util.internal.PlatformDependent - maxDirectMemory: 4229955584 bytes (maybe)
17:56:36.641 [main] DEBUG io.netty.util.internal.PlatformDependent - -Dio.netty.tmpdir: C:\Users\Ashwini\AppData\Local\Temp (java.io.tmpdir)
17:56:36.641 [main] DEBUG io.netty.util.internal.PlatformDependent - -Dio.netty.bitMode: 64 (sun.arch.data.model)
17:56:36.642 [main] DEBUG io.netty.util.internal.PlatformDependent - Platform: Windows
17:56:36.643 [main] DEBUG io.netty.util.internal.PlatformDependent - -Dio.netty.maxDirectMemory: -1 bytes
17:56:36.643 [main] DEBUG io.netty.util.internal.PlatformDependent - -Dio.netty.uninitializedArrayAllocationThreshold: -1
17:56:36.646 [main] DEBUG io.netty.util.internal.CleanerJava9 - java.nio.ByteBuffer.cleaner(): available
17:56:36.646 [main] DEBUG io.netty.util.internal.PlatformDependent - -Dio.netty.noPreferDirect: false
17:56:36.663 [main] DEBUG io.netty.util.internal.PlatformDependent - org.jctools-core.MpscChunkedArrayQueue: available
17:56:36.701 [main] DEBUG io.netty.util.internal.InternalThreadLocalMap - -Dio.netty.threadLocalMap.stringBuilder.initialSize: 1024
17:56:36.701 [main] DEBUG io.netty.util.internal.InternalThreadLocalMap - -Dio.netty.threadLocalMap.stringBuilder.maxSize: 4096
17:56:36.842 [main] DEBUG io.netty.handler.ssl.JdkSslContext - Default protocols (JDK): [TLSv1.3, TLSv1.2] 
17:56:36.842 [main] DEBUG io.netty.handler.ssl.JdkSslContext - Default cipher suites (JDK): [TLS_ECDHE_ECDSA_WITH_AES_256_GCM_SHA384, TLS_ECDHE_ECDSA_WITH_AES_128_GCM_SHA256, TLS_ECDHE_RSA_WITH_AES_128_GCM_SHA256, TLS_ECDHE_RSA_WITH_AES_256_GCM_SHA384, TLS_ECDHE_RSA_WITH_AES_128_CBC_SHA, TLS_ECDHE_RSA_WITH_AES_256_CBC_SHA, TLS_RSA_WITH_AES_128_GCM_SHA256, TLS_RSA_WITH_AES_128_CBC_SHA, TLS_RSA_WITH_AES_256_CBC_SHA, TLS_AES_128_GCM_SHA256, TLS_AES_256_GCM_SHA384]
17:56:36.898 [main] DEBUG io.netty.channel.MultithreadEventLoopGroup - -Dio.netty.eventLoopThreads: 16
17:56:36.919 [main] DEBUG io.netty.channel.nio.NioEventLoop - -Dio.netty.noKeySetOptimization: false
17:56:36.919 [main] DEBUG io.netty.channel.nio.NioEventLoop - -Dio.netty.selectorAutoRebuildThreshold: 512
17:56:37.032 [main] DEBUG io.netty.buffer.PooledByteBufAllocator - -Dio.netty.allocator.numHeapArenas: 16
17:56:37.033 [main] DEBUG io.netty.buffer.PooledByteBufAllocator - -Dio.netty.allocator.numDirectArenas: 16
17:56:37.033 [main] DEBUG io.netty.buffer.PooledByteBufAllocator - -Dio.netty.allocator.pageSize: 8192
17:56:37.033 [main] DEBUG io.netty.buffer.PooledByteBufAllocator - -Dio.netty.allocator.maxOrder: 9
17:56:37.033 [main] DEBUG io.netty.buffer.PooledByteBufAllocator - -Dio.netty.allocator.chunkSize: 4194304
17:56:37.034 [main] DEBUG io.netty.buffer.PooledByteBufAllocator - -Dio.netty.allocator.smallCacheSize: 256
17:56:37.034 [main] DEBUG io.netty.buffer.PooledByteBufAllocator - -Dio.netty.allocator.normalCacheSize: 64
17:56:37.034 [main] DEBUG io.netty.buffer.PooledByteBufAllocator - -Dio.netty.allocator.maxCachedBufferCapacity: 32768
17:56:37.034 [main] DEBUG io.netty.buffer.PooledByteBufAllocator - -Dio.netty.allocator.cacheTrimInterval: 8192
17:56:37.035 [main] DEBUG io.netty.buffer.PooledByteBufAllocator - -Dio.netty.allocator.cacheTrimIntervalMillis: 0
17:56:37.035 [main] DEBUG io.netty.buffer.PooledByteBufAllocator - -Dio.netty.allocator.useCacheForAllThreads: false
17:56:37.035 [main] DEBUG io.netty.buffer.PooledByteBufAllocator - -Dio.netty.allocator.maxCachedByteBuffersPerChunk: 1023
17:56:37.059 [main] DEBUG io.netty.buffer.ByteBufUtil - -Dio.netty.allocator.type: pooled
17:56:37.060 [main] DEBUG io.netty.buffer.ByteBufUtil - -Dio.netty.threadLocalDirectBufferSize: 0
17:56:37.060 [main] DEBUG io.netty.buffer.ByteBufUtil - -Dio.netty.maxThreadLocalCharBufferSize: 16384
17:56:37.577 [Forwarding newSession on session null to remote] DEBUG io.netty.channel.DefaultChannelId - -Dio.netty.processId: 25956 (auto-detected)
17:56:37.581 [Forwarding newSession on session null to remote] DEBUG io.netty.util.NetUtil - -Djava.net.preferIPv4Stack: false
17:56:37.581 [Forwarding newSession on session null to remote] DEBUG io.netty.util.NetUtil - -Djava.net.preferIPv6Addresses: false
17:56:37.599 [Forwarding newSession on session null to remote] DEBUG io.netty.util.NetUtilInitializations - Loopback interface: lo (Software Loopback Interface 1, 127.0.0.1)
17:56:37.601 [Forwarding newSession on session null to remote] DEBUG io.netty.util.NetUtil - Failed to get SOMAXCONN from sysctl and file \proc\sys\net\core\somaxconn. Default: 200
17:56:37.650 [Forwarding newSession on session null to remote] DEBUG io.netty.channel.DefaultChannelId - -Dio.netty.machineId: d0:3c:1f:ff:fe:6a:18:d2 (auto-detected)
17:56:37.732 [AsyncHttpClient-1-2] DEBUG io.netty.buffer.AbstractByteBuf - -Dio.netty.buffer.checkAccessible: true
17:56:37.732 [AsyncHttpClient-1-2] DEBUG io.netty.buffer.AbstractByteBuf - -Dio.netty.buffer.checkBounds: true
17:56:37.732 [AsyncHttpClient-1-2] DEBUG io.netty.util.ResourceLeakDetectorFactory - Loaded default ResourceLeakDetector: io.netty.util.ResourceLeakDetector@3a5789b4
17:56:37.762 [AsyncHttpClient-1-2] DEBUG io.netty.util.Recycler - -Dio.netty.recycler.maxCapacityPerThread: 4096
17:56:37.762 [AsyncHttpClient-1-2] DEBUG io.netty.util.Recycler - -Dio.netty.recycler.ratio: 8
17:56:37.762 [AsyncHttpClient-1-2] DEBUG io.netty.util.Recycler - -Dio.netty.recycler.chunkSize: 32
17:56:37.762 [AsyncHttpClient-1-2] DEBUG io.netty.util.Recycler - -Dio.netty.recycler.blocking: false
17:56:38.478 [AsyncHttpClient-1-2] DEBUG io.netty.handler.codec.compression.Brotli - brotli4j not in the classpath; Brotli support will be unavailable.
17:56:38.653 [main] DEBUG io.netty.util.internal.ThreadLocalRandom - -Dio.netty.initialSeedUniquifier: 0x18b1b910f8a17151
17:56:39.978 [main] INFO  testCases.TC_002_LoginTest - *****Starting TC_002_LoginTest*****
17:56:40.942 [main] INFO  testCases.TC_002_LoginTest - Clicked on login button in Home page
17:56:41.604 [main] INFO  testCases.TC_002_LoginTest - Entering login details
17:56:42.067 [main] INFO  testCases.TC_002_LoginTest - Clicked on login
17:56:43.051 [main] INFO  testCases.TC_002_LoginTest - Sucessfully Logged in
17:56:43.203 [main] INFO  testCases.TC_002_LoginTest - Sucessfully Logged in
17:56:43.203 [main] INFO  testCases.TC_002_LoginTest - *****Finished TC_002_LoginTest*****
17:58:22.759 [main] INFO  testCases.TC_002_LoginTest - *****Starting TC_002_LoginTest*****
17:58:22.883 [main] INFO  testCases.TC_002_LoginTest - Clicked on login button in Home page
17:58:23.353 [main] INFO  testCases.TC_002_LoginTest - Entering login details
17:58:23.684 [main] INFO  testCases.TC_002_LoginTest - Clicked on login
17:58:24.467 [main] INFO  testCases.TC_002_LoginTest - Sucessfully Logged in
17:58:24.624 [main] INFO  testCases.TC_002_LoginTest - Sucessfully Logged in
17:58:24.624 [main] INFO  testCases.TC_002_LoginTest - *****Finished TC_002_LoginTest*****
12:18:25.547 [main] INFO  testCases.TC_002_LoginTest - *****Starting TC_002_LoginTest*****
12:18:25.877 [main] INFO  testCases.TC_002_LoginTest - Clicked on login button in Home page
12:18:26.306 [main] INFO  testCases.TC_002_LoginTest - Entering login details
12:18:26.456 [main] INFO  testCases.TC_002_LoginTest - Clicked on login
12:18:26.942 [main] INFO  testCases.TC_002_LoginTest - Sucessfully Logged in
12:18:27.000 [main] INFO  testCases.TC_002_LoginTest - Sucessfully Logged in
12:18:27.000 [main] INFO  testCases.TC_002_LoginTest - *****Finished TC_002_LoginTest*****
12:19:47.268 [main] INFO  testCases.TC_002_LoginTest - *****Starting TC_002_LoginTest*****
12:19:47.352 [main] INFO  testCases.TC_002_LoginTest - Clicked on login button in Home page
12:19:47.616 [main] INFO  testCases.TC_002_LoginTest - Entering login details
12:19:47.764 [main] INFO  testCases.TC_002_LoginTest - Clicked on login
12:19:48.071 [main] INFO  testCases.TC_002_LoginTest - Sucessfully Logged in
12:19:48.114 [main] INFO  testCases.TC_002_LoginTest - Sucessfully Logged in
12:19:48.114 [main] INFO  testCases.TC_002_LoginTest - *****Finished TC_002_LoginTest*****
12:17:10.613 [main] INFO  testCases.TC_002_LoginTest - *****Starting TC_002_LoginTest*****
12:17:10.749 [main] INFO  testCases.TC_002_LoginTest - Clicked on login button in Home page
12:17:11.207 [main] INFO  testCases.TC_002_LoginTest - Entering login details
12:17:11.349 [main] INFO  testCases.TC_002_LoginTest - Clicked on login
12:17:11.747 [main] INFO  testCases.TC_002_LoginTest - Sucessfully Logged in
12:17:11.798 [main] INFO  testCases.TC_002_LoginTest - Sucessfully Logged in
12:17:11.798 [main] INFO  testCases.TC_002_LoginTest - *****Finished TC_002_LoginTest*****
13:37:50.139 [main] INFO  testCases.TC_003_LoginDDT - *****Starting TC_002_LoginTest*****
13:37:50.208 [main] INFO  testCases.TC_003_LoginDDT - Clicked on login button in Home page
13:37:50.492 [main] INFO  testCases.TC_003_LoginDDT - Entering login details
13:37:50.644 [main] INFO  testCases.TC_003_LoginDDT - Clicked on login
13:37:50.874 [main] INFO  testCases.TC_003_LoginDDT - *****Starting TC_002_LoginTest*****
13:37:50.912 [main] INFO  testCases.TC_003_LoginDDT - Clicked on login button in Home page
13:37:51.080 [main] INFO  testCases.TC_003_LoginDDT - Entering login details
13:37:51.196 [main] INFO  testCases.TC_003_LoginDDT - Clicked on login
13:37:51.394 [main] INFO  testCases.TC_003_LoginDDT - *****Starting TC_002_LoginTest*****
13:37:51.438 [main] INFO  testCases.TC_003_LoginDDT - Clicked on login button in Home page
13:37:51.605 [main] INFO  testCases.TC_003_LoginDDT - Entering login details
13:37:51.720 [main] INFO  testCases.TC_003_LoginDDT - Clicked on login
13:37:51.916 [main] INFO  testCases.TC_003_LoginDDT - *****Starting TC_002_LoginTest*****
13:37:51.961 [main] INFO  testCases.TC_003_LoginDDT - Clicked on login button in Home page
13:37:52.132 [main] INFO  testCases.TC_003_LoginDDT - Entering login details
13:37:52.242 [main] INFO  testCases.TC_003_LoginDDT - Clicked on login
13:37:52.433 [main] INFO  testCases.TC_003_LoginDDT - *****Starting TC_002_LoginTest*****
13:37:52.478 [main] INFO  testCases.TC_003_LoginDDT - Clicked on login button in Home page
13:37:52.651 [main] INFO  testCases.TC_003_LoginDDT - Entering login details
13:37:52.777 [main] INFO  testCases.TC_003_LoginDDT - Clicked on login
13:38:43.111 [main] INFO  testCases.TC_003_LoginDDT - *****Starting TC_002_LoginTest*****
13:38:43.193 [main] INFO  testCases.TC_003_LoginDDT - Clicked on login button in Home page
13:38:43.494 [main] INFO  testCases.TC_003_LoginDDT - Entering login details
13:38:43.642 [main] INFO  testCases.TC_003_LoginDDT - Clicked on login
13:38:53.908 [main] INFO  testCases.TC_003_LoginDDT - *****Starting TC_002_LoginTest*****
13:38:53.953 [main] INFO  testCases.TC_003_LoginDDT - Clicked on login button in Home page
13:38:54.163 [main] INFO  testCases.TC_003_LoginDDT - Entering login details
13:38:54.282 [main] INFO  testCases.TC_003_LoginDDT - Clicked on login
13:39:04.538 [main] INFO  testCases.TC_003_LoginDDT - *****Starting TC_002_LoginTest*****
13:39:04.572 [main] INFO  testCases.TC_003_LoginDDT - Clicked on login button in Home page
13:39:04.788 [main] INFO  testCases.TC_003_LoginDDT - Entering login details
13:39:04.915 [main] INFO  testCases.TC_003_LoginDDT - Clicked on login
13:39:15.131 [main] INFO  testCases.TC_003_LoginDDT - *****Starting TC_002_LoginTest*****
13:39:15.171 [main] INFO  testCases.TC_003_LoginDDT - Clicked on login button in Home page
13:39:15.366 [main] INFO  testCases.TC_003_LoginDDT - Entering login details
13:39:15.486 [main] INFO  testCases.TC_003_LoginDDT - Clicked on login
13:39:25.737 [main] INFO  testCases.TC_003_LoginDDT - *****Starting TC_002_LoginTest*****
13:39:25.776 [main] INFO  testCases.TC_003_LoginDDT - Clicked on login button in Home page
13:39:25.975 [main] INFO  testCases.TC_003_LoginDDT - Entering login details
13:39:26.096 [main] INFO  testCases.TC_003_LoginDDT - Clicked on login
13:45:30.755 [main] INFO  testCases.TC_003_LoginDDT - *****Starting TC_002_LoginTest*****
13:45:30.824 [main] INFO  testCases.TC_003_LoginDDT - Clicked on login button in Home page
13:45:31.119 [main] INFO  testCases.TC_003_LoginDDT - Entering login details
13:45:31.274 [main] INFO  testCases.TC_003_LoginDDT - Clicked on login
13:45:41.526 [main] INFO  testCases.TC_003_LoginDDT - *****Starting TC_002_LoginTest*****
13:45:41.573 [main] INFO  testCases.TC_003_LoginDDT - Clicked on login button in Home page
13:45:41.776 [main] INFO  testCases.TC_003_LoginDDT - Entering login details
13:45:41.912 [main] INFO  testCases.TC_003_LoginDDT - Clicked on login
13:45:52.165 [main] INFO  testCases.TC_003_LoginDDT - *****Starting TC_002_LoginTest*****
13:45:52.198 [main] INFO  testCases.TC_003_LoginDDT - Clicked on login button in Home page
13:45:52.428 [main] INFO  testCases.TC_003_LoginDDT - Entering login details
13:45:52.569 [main] INFO  testCases.TC_003_LoginDDT - Clicked on login
13:46:02.892 [main] INFO  testCases.TC_003_LoginDDT - *****Starting TC_002_LoginTest*****
13:46:02.948 [main] INFO  testCases.TC_003_LoginDDT - Clicked on login button in Home page
13:46:03.139 [main] INFO  testCases.TC_003_LoginDDT - Entering login details
13:46:03.259 [main] INFO  testCases.TC_003_LoginDDT - Clicked on login
13:46:13.501 [main] INFO  testCases.TC_003_LoginDDT - *****Starting TC_002_LoginTest*****
13:46:13.610 [main] INFO  testCases.TC_003_LoginDDT - Clicked on login button in Home page
13:46:13.798 [main] INFO  testCases.TC_003_LoginDDT - Entering login details
13:46:13.914 [main] INFO  testCases.TC_003_LoginDDT - Clicked on login
14:05:26.555 [main] INFO  testCases.TC_001_AccountRegistrationTest - **** Starting TC_001_AccountRegistrationTest ****
14:05:26.833 [main] INFO  testCases.TC_001_AccountRegistrationTest - Clicked on My Account link
14:05:27.385 [main] INFO  testCases.TC_001_AccountRegistrationTest - Clicked on Register
14:05:27.387 [main] INFO  testCases.TC_001_AccountRegistrationTest - Registration page opened and registration details entering
14:05:30.228 [main] INFO  testCases.TC_001_AccountRegistrationTest - Registration details entered and clicked on continue
14:05:30.270 [main] ERROR testCases.TC_001_AccountRegistrationTest - Test case Failed
14:05:30.270 [main] INFO  testCases.TC_001_AccountRegistrationTest - **** Finished TC_001_AccountRegistrationTest ****
14:05:32.184 [main] INFO  testCases.TC_002_LoginTest - *****Starting TC_002_LoginTest*****
14:05:32.248 [main] INFO  testCases.TC_002_LoginTest - Clicked on login button in Home page
14:05:32.557 [main] INFO  testCases.TC_002_LoginTest - Entering login details
14:05:32.720 [main] INFO  testCases.TC_002_LoginTest - Clicked on login
14:05:33.044 [main] INFO  testCases.TC_002_LoginTest - Sucessfully Logged in
14:05:33.091 [main] INFO  testCases.TC_002_LoginTest - Sucessfully Logged in
14:05:33.091 [main] INFO  testCases.TC_002_LoginTest - *****Finished TC_002_LoginTest*****
14:06:32.603 [main] INFO  testCases.TC_001_AccountRegistrationTest - **** Starting TC_001_AccountRegistrationTest ****
14:06:32.951 [main] INFO  testCases.TC_001_AccountRegistrationTest - Clicked on My Account link
14:06:33.408 [main] INFO  testCases.TC_001_AccountRegistrationTest - Clicked on Register
14:06:33.411 [main] INFO  testCases.TC_001_AccountRegistrationTest - Registration page opened and registration details entering
14:06:36.502 [main] INFO  testCases.TC_001_AccountRegistrationTest - Registration details entered and clicked on continue
14:06:36.555 [main] ERROR testCases.TC_001_AccountRegistrationTest - Test case Failed
14:06:36.555 [main] INFO  testCases.TC_001_AccountRegistrationTest - **** Finished TC_001_AccountRegistrationTest ****
14:06:39.333 [main] INFO  testCases.TC_002_LoginTest - *****Starting TC_002_LoginTest*****
14:06:40.017 [main] INFO  testCases.TC_002_LoginTest - Clicked on login button in Home page
14:06:40.511 [main] INFO  testCases.TC_002_LoginTest - Entering login details
14:06:40.767 [main] INFO  testCases.TC_002_LoginTest - Clicked on login
14:06:41.239 [main] INFO  testCases.TC_002_LoginTest - Sucessfully Logged in
14:06:41.305 [main] INFO  testCases.TC_002_LoginTest - Sucessfully Logged in
14:06:41.305 [main] INFO  testCases.TC_002_LoginTest - *****Finished TC_002_LoginTest*****
14:15:54.015 [main] INFO  testCases.TC_002_LoginTest - *****Starting TC_002_LoginTest*****
14:15:54.222 [main] INFO  testCases.TC_002_LoginTest - Clicked on login button in Home page
14:15:54.463 [main] INFO  testCases.TC_002_LoginTest - Entering login details
14:15:54.590 [main] INFO  testCases.TC_002_LoginTest - Clicked on login
14:15:54.809 [main] INFO  testCases.TC_002_LoginTest - Sucessfully Logged in
14:15:54.856 [main] INFO  testCases.TC_002_LoginTest - Sucessfully Logged in
14:15:54.856 [main] INFO  testCases.TC_002_LoginTest - *****Finished TC_002_LoginTest*****
14:23:51.996 [main] INFO  testCases.TC_002_LoginTest - *****Starting TC_002_LoginTest*****
14:23:52.261 [main] INFO  testCases.TC_002_LoginTest - Clicked on login button in Home page
14:23:52.509 [main] INFO  testCases.TC_002_LoginTest - Entering login details
14:23:52.673 [main] INFO  testCases.TC_002_LoginTest - Clicked on login
14:23:52.902 [main] INFO  testCases.TC_002_LoginTest - Sucessfully Logged in
14:23:52.955 [main] INFO  testCases.TC_002_LoginTest - Sucessfully Logged in
14:23:52.955 [main] INFO  testCases.TC_002_LoginTest - *****Finished TC_002_LoginTest*****
14:25:20.329 [main] INFO  testCases.TC_002_LoginTest - *****Starting TC_002_LoginTest*****
14:25:20.653 [main] INFO  testCases.TC_002_LoginTest - Clicked on login button in Home page
14:25:20.895 [main] INFO  testCases.TC_002_LoginTest - Entering login details
14:25:21.034 [main] INFO  testCases.TC_002_LoginTest - Clicked on login
14:25:21.315 [main] INFO  testCases.TC_002_LoginTest - Sucessfully Logged in
14:25:21.359 [main] INFO  testCases.TC_002_LoginTest - Sucessfully Logged in
14:26:09.912 [main] INFO  testCases.TC_002_LoginTest - *****Starting TC_002_LoginTest*****
14:26:10.237 [main] INFO  testCases.TC_002_LoginTest - Clicked on login button in Home page
14:26:10.526 [main] INFO  testCases.TC_002_LoginTest - Entering login details
14:26:10.673 [main] INFO  testCases.TC_002_LoginTest - Clicked on login
14:26:10.920 [main] INFO  testCases.TC_002_LoginTest - Sucessfully Logged in
14:26:10.961 [main] INFO  testCases.TC_002_LoginTest - Sucessfully Logged in
14:26:10.961 [main] INFO  testCases.TC_002_LoginTest - *****Finished TC_002_LoginTest*****
14:27:53.833 [main] INFO  testCases.TC_001_AccountRegistrationTest - **** Starting TC_001_AccountRegistrationTest ****
14:27:54.176 [main] INFO  testCases.TC_001_AccountRegistrationTest - Clicked on My Account link
14:27:54.492 [main] INFO  testCases.TC_001_AccountRegistrationTest - Clicked on Register
14:27:54.495 [main] INFO  testCases.TC_001_AccountRegistrationTest - Registration page opened and registration details entering
14:27:57.538 [main] INFO  testCases.TC_001_AccountRegistrationTest - Registration details entered and clicked on continue
14:27:57.604 [main] ERROR testCases.TC_001_AccountRegistrationTest - Test case Failed
14:27:57.604 [main] INFO  testCases.TC_001_AccountRegistrationTest - **** Finished TC_001_AccountRegistrationTest ****
14:28:00.662 [main] INFO  testCases.TC_002_LoginTest - *****Starting TC_002_LoginTest*****
14:28:01.353 [main] INFO  testCases.TC_002_LoginTest - Clicked on login button in Home page
14:28:01.755 [main] INFO  testCases.TC_002_LoginTest - Entering login details
14:28:02.027 [main] INFO  testCases.TC_002_LoginTest - Clicked on login
14:28:02.491 [main] INFO  testCases.TC_002_LoginTest - Sucessfully Logged in
14:28:02.569 [main] INFO  testCases.TC_002_LoginTest - Sucessfully Logged in
14:28:58.555 [main] INFO  testCases.TC_001_AccountRegistrationTest - **** Starting TC_001_AccountRegistrationTest ****
14:28:58.888 [main] INFO  testCases.TC_001_AccountRegistrationTest - Clicked on My Account link
14:28:59.203 [main] INFO  testCases.TC_001_AccountRegistrationTest - Clicked on Register
14:28:59.204 [main] INFO  testCases.TC_001_AccountRegistrationTest - Registration page opened and registration details entering
14:29:01.998 [main] INFO  testCases.TC_001_AccountRegistrationTest - Registration details entered and clicked on continue
14:29:02.043 [main] ERROR testCases.TC_001_AccountRegistrationTest - Test case Failed
14:29:05.207 [main] INFO  testCases.TC_002_LoginTest - *****Starting TC_002_LoginTest*****
14:29:05.713 [main] INFO  testCases.TC_002_LoginTest - Clicked on login button in Home page
14:29:06.116 [main] INFO  testCases.TC_002_LoginTest - Entering login details
14:29:06.335 [main] INFO  testCases.TC_002_LoginTest - Clicked on login
14:29:06.743 [main] INFO  testCases.TC_002_LoginTest - Sucessfully Logged in
14:29:06.804 [main] INFO  testCases.TC_002_LoginTest - Sucessfully Logged in
14:29:06.804 [main] INFO  testCases.TC_002_LoginTest - *****Finished TC_002_LoginTest*****
11:42:33.280 [main] INFO  testCases.TC_003_LoginDDT - *****Starting TC_002_LoginTest*****
11:42:33.356 [main] INFO  testCases.TC_003_LoginDDT - Clicked on login button in Home page
11:42:33.722 [main] INFO  testCases.TC_003_LoginDDT - Entering login details
11:42:33.885 [main] INFO  testCases.TC_003_LoginDDT - Clicked on login
11:42:44.241 [main] INFO  testCases.TC_003_LoginDDT - *****Starting TC_002_LoginTest*****
11:42:44.282 [main] INFO  testCases.TC_003_LoginDDT - Clicked on login button in Home page
11:42:44.500 [main] INFO  testCases.TC_003_LoginDDT - Entering login details
11:42:44.636 [main] INFO  testCases.TC_003_LoginDDT - Clicked on login
11:42:54.897 [main] INFO  testCases.TC_003_LoginDDT - *****Starting TC_002_LoginTest*****
11:42:54.939 [main] INFO  testCases.TC_003_LoginDDT - Clicked on login button in Home page
11:42:55.153 [main] INFO  testCases.TC_003_LoginDDT - Entering login details
11:42:55.272 [main] INFO  testCases.TC_003_LoginDDT - Clicked on login
11:43:05.527 [main] INFO  testCases.TC_003_LoginDDT - *****Starting TC_002_LoginTest*****
11:43:05.605 [main] INFO  testCases.TC_003_LoginDDT - Clicked on login button in Home page
11:43:05.801 [main] INFO  testCases.TC_003_LoginDDT - Entering login details
11:43:05.921 [main] INFO  testCases.TC_003_LoginDDT - Clicked on login
11:43:16.168 [main] INFO  testCases.TC_003_LoginDDT - *****Starting TC_002_LoginTest*****
11:43:16.255 [main] INFO  testCases.TC_003_LoginDDT - Clicked on login button in Home page
11:43:16.475 [main] INFO  testCases.TC_003_LoginDDT - Entering login details
11:43:16.590 [main] INFO  testCases.TC_003_LoginDDT - Clicked on login
12:06:22.830 [main] INFO  testCases.TC_003_LoginDDT - *****Starting TC_002_LoginTest*****
12:06:22.902 [main] INFO  testCases.TC_003_LoginDDT - Clicked on login button in Home page
12:06:23.144 [main] INFO  testCases.TC_003_LoginDDT - Entering login details
12:06:23.292 [main] INFO  testCases.TC_003_LoginDDT - Clicked on login
12:06:33.568 [main] INFO  testCases.TC_003_LoginDDT - *****Starting TC_002_LoginTest*****
12:06:33.609 [main] INFO  testCases.TC_003_LoginDDT - Clicked on login button in Home page
12:06:33.802 [main] INFO  testCases.TC_003_LoginDDT - Entering login details
12:06:33.950 [main] INFO  testCases.TC_003_LoginDDT - Clicked on login
12:06:44.233 [main] INFO  testCases.TC_003_LoginDDT - *****Starting TC_002_LoginTest*****
12:06:44.264 [main] INFO  testCases.TC_003_LoginDDT - Clicked on login button in Home page
12:06:44.475 [main] INFO  testCases.TC_003_LoginDDT - Entering login details
12:06:44.594 [main] INFO  testCases.TC_003_LoginDDT - Clicked on login
12:06:54.844 [main] INFO  testCases.TC_003_LoginDDT - *****Starting TC_002_LoginTest*****
12:06:54.944 [main] INFO  testCases.TC_003_LoginDDT - Clicked on login button in Home page
12:06:55.132 [main] INFO  testCases.TC_003_LoginDDT - Entering login details
12:06:55.256 [main] INFO  testCases.TC_003_LoginDDT - Clicked on login
12:07:05.527 [main] INFO  testCases.TC_003_LoginDDT - *****Starting TC_002_LoginTest*****
12:07:05.626 [main] INFO  testCases.TC_003_LoginDDT - Clicked on login button in Home page
12:07:05.810 [main] INFO  testCases.TC_003_LoginDDT - Entering login details
12:07:05.931 [main] INFO  testCases.TC_003_LoginDDT - Clicked on login
12:14:33.252 [main] INFO  testCases.TC_003_LoginDDT - *****Starting TC_002_LoginTest*****
12:14:33.334 [main] INFO  testCases.TC_003_LoginDDT - Clicked on login button in Home page
12:14:33.625 [main] INFO  testCases.TC_003_LoginDDT - Entering login details
12:14:33.778 [main] INFO  testCases.TC_003_LoginDDT - Clicked on login
12:14:44.059 [main] INFO  testCases.TC_003_LoginDDT - *****Starting TC_002_LoginTest*****
12:14:44.128 [main] INFO  testCases.TC_003_LoginDDT - Clicked on login button in Home page
12:14:44.359 [main] INFO  testCases.TC_003_LoginDDT - Entering login details
12:14:44.482 [main] INFO  testCases.TC_003_LoginDDT - Clicked on login
12:14:54.789 [main] INFO  testCases.TC_003_LoginDDT - *****Starting TC_002_LoginTest*****
12:14:54.822 [main] INFO  testCases.TC_003_LoginDDT - Clicked on login button in Home page
12:14:55.059 [main] INFO  testCases.TC_003_LoginDDT - Entering login details
12:14:55.211 [main] INFO  testCases.TC_003_LoginDDT - Clicked on login
12:15:05.479 [main] INFO  testCases.TC_003_LoginDDT - *****Starting TC_002_LoginTest*****
12:15:05.537 [main] INFO  testCases.TC_003_LoginDDT - Clicked on login button in Home page
12:15:05.727 [main] INFO  testCases.TC_003_LoginDDT - Entering login details
12:15:05.833 [main] INFO  testCases.TC_003_LoginDDT - Clicked on login
12:15:16.069 [main] INFO  testCases.TC_003_LoginDDT - *****Starting TC_002_LoginTest*****
12:15:16.155 [main] INFO  testCases.TC_003_LoginDDT - Clicked on login button in Home page
12:15:16.368 [main] INFO  testCases.TC_003_LoginDDT - Entering login details
12:15:16.485 [main] INFO  testCases.TC_003_LoginDDT - Clicked on login
